#
# There is insufficient memory for the Java Runtime Environment to continue.
# Native memory allocation (mmap) failed to map 95944704 bytes for committing reserved memory.
# Possible reasons:
#   The system is out of physical RAM or swap space
#   The process is running with CompressedOops enabled, and the Java Heap may be blocking the growth of the native heap
# Possible solutions:
#   Reduce memory load on the system
#   Increase physical memory or swap space
#   Check if swap backing store is full
#   Decrease Java heap size (-Xmx/-Xms)
#   Decrease number of Java threads
#   Decrease Java thread stack sizes (-Xss)
#   Set larger code cache with -XX:ReservedCodeCacheSize=
#   JVM is running with Unscaled Compressed Oops mode in which the Java heap is
#     placed in the first 4GB address space. The Java Heap base address is the
#     maximum limit for the native heap growth. Please use -XX:HeapBaseMinAddress
#     to set the Java Heap base and to place the Java Heap above 4GB virtual address.
# This output file may be truncated or incomplete.
#
#  Out of Memory Error (os_linux.cpp:2757), pid=28989, tid=0x00007fd5a5815700
#
# JRE version: OpenJDK Runtime Environment (8.0_222-b10) (build 1.8.0_222-8u222-b10-1ubuntu1~18.04.1-b10)
# Java VM: OpenJDK 64-Bit Server VM (25.222-b10 mixed mode linux-amd64 compressed oops)
# Failed to write core dump. Core dumps have been disabled. To enable core dumping, try "ulimit -c unlimited" before starting Java again
#

---------------  T H R E A D  ---------------

Current thread (0x00007fd5bc081000):  VMThread [stack: 0x00007fd5a5716000,0x00007fd5a5816000] [id=29003]

Stack: [0x00007fd5a5716000,0x00007fd5a5816000],  sp=0x00007fd5a5814460,  free space=1017k
Native frames: (J=compiled Java code, j=interpreted, Vv=VM code, C=native code)
V  [libjvm.so+0xab8992]
V  [libjvm.so+0x4dbfd7]
V  [libjvm.so+0x8f33a0]
V  [libjvm.so+0x8ea46e]
V  [libjvm.so+0x96e106]
V  [libjvm.so+0x95cdaa]
V  [libjvm.so+0x95cf78]
V  [libjvm.so+0x95db80]
V  [libjvm.so+0x963f1c]
V  [libjvm.so+0x96bfd5]
V  [libjvm.so+0x91a5a8]
V  [libjvm.so+0xaba662]
V  [libjvm.so+0xabf1d6]
V  [libjvm.so+0xabd4d5]
V  [libjvm.so+0xabddad]
V  [libjvm.so+0xabe1b8]
V  [libjvm.so+0x8f0732]

VM_Operation (0x00007fd5c55aa480): ParallelGCFailedAllocation, mode: safepoint, requested by thread 0x00007fd5bc00b000


---------------  P R O C E S S  ---------------

Java Threads: ( => current thread )
  0x00007fd5bc0d3000 JavaThread "Service Thread" daemon [_thread_blocked, id=29011, stack(0x00007fd5a453e000,0x00007fd5a463f000)]
  0x00007fd5bc0c7800 JavaThread "C1 CompilerThread3" daemon [_thread_blocked, id=29010, stack(0x00007fd5a4640000,0x00007fd5a4740000)]
  0x00007fd5bc0c5800 JavaThread "C2 CompilerThread2" daemon [_thread_blocked, id=29009, stack(0x00007fd5a4741000,0x00007fd5a4841000)]
  0x00007fd5bc0c4000 JavaThread "C2 CompilerThread1" daemon [_thread_blocked, id=29008, stack(0x00007fd5a4842000,0x00007fd5a4942000)]
  0x00007fd5bc0c1000 JavaThread "C2 CompilerThread0" daemon [_thread_blocked, id=29007, stack(0x00007fd5a4943000,0x00007fd5a4a43000)]
  0x00007fd5bc0bf800 JavaThread "Signal Dispatcher" daemon [_thread_blocked, id=29006, stack(0x00007fd5a4a43000,0x00007fd5a4b44000)]
  0x00007fd5bc08d800 JavaThread "Finalizer" daemon [_thread_blocked, id=29005, stack(0x00007fd5a5513000,0x00007fd5a5614000)]
  0x00007fd5bc08b000 JavaThread "Reference Handler" daemon [_thread_blocked, id=29004, stack(0x00007fd5a5614000,0x00007fd5a5715000)]
  0x00007fd5bc00b000 JavaThread "main" [_thread_blocked, id=28991, stack(0x00007fd5c54ac000,0x00007fd5c55ac000)]

Other Threads:
=>0x00007fd5bc081000 VMThread [stack: 0x00007fd5a5716000,0x00007fd5a5816000] [id=29003]
  0x00007fd5bc0d5800 WatcherThread [stack: 0x00007fd5a443e000,0x00007fd5a453e000] [id=29012]

VM state:at safepoint (normal execution)

VM Mutex/Monitor currently owned by a thread:  ([mutex/lock_event])
[0x00007fd5bc007440] ExpandHeap_lock - owner thread: 0x00007fd5bc081000
[0x00007fd5bc007ac0] Threads_lock - owner thread: 0x00007fd5bc081000
[0x00007fd5bc007fc0] Heap_lock - owner thread: 0x00007fd5bc00b000

heap address: 0x00000000c4400000, size: 956 MB, Compressed Oops mode: 32-bit
Narrow klass base: 0x0000000000000000, Narrow klass shift: 3
Compressed class space size: 1073741824 Address: 0x0000000100000000

Heap:
 PSYoungGen      total 214016K, used 76350K [0x00000000ec180000, 0x0000000100000000, 0x0000000100000000)
  eden space 109056K, 0% used [0x00000000ec180000,0x00000000ec180000,0x00000000f2c00000)
  from space 104960K, 72% used [0x00000000f9980000,0x00000000fe40fbb8,0x0000000100000000)
  to   space 108544K, 0% used [0x00000000f2c00000,0x00000000f2c00000,0x00000000f9600000)
 ParOldGen       total 151552K, used 151324K [0x00000000c4400000, 0x00000000cd800000, 0x00000000ec180000)
  object space 151552K, 99% used [0x00000000c4400000,0x00000000cd7c7378,0x00000000cd800000)
 Metaspace       used 2695K, capacity 4652K, committed 4864K, reserved 1056768K
  class space    used 279K, capacity 424K, committed 512K, reserved 1048576K

Card table byte_map: [0x00007fd5c1867000,0x00007fd5c1a46000] byte_map_base: 0x00007fd5c1245000

Marking Bits: (ParMarkBitMap*) 0x00007fd5c4745360
 Begin Bits: [0x00007fd5a6220000, 0x00007fd5a7110000)
 End Bits:   [0x00007fd5a7110000, 0x00007fd5a8000000)

Polling page: 0x00007fd5c55c6000

CodeCache: size=245760Kb used=1945Kb max_used=1952Kb free=243814Kb
 bounds [0x00007fd5ad000000, 0x00007fd5ad270000, 0x00007fd5bc000000]
 total_blobs=312 nmethods=77 adapters=151
 compilation: enabled

Compilation events (10 events):
Event: 0,142 Thread 0x00007fd5bc0c1000   73       4       ventanas.Registro::main (4422 bytes)
Event: 0,161 Thread 0x00007fd5bc0c1000 nmethod 73 0x00007fd5ad187790 code [0x00007fd5ad187a80, 0x00007fd5ad188d30]
Event: 2,356 Thread 0x00007fd5bc0c7800   74 %     3       ventanas.Registro::main @ 322 (4422 bytes)
Event: 2,356 Thread 0x00007fd5bc0c4000   76       4       clases.Usuario::<init> (28 bytes)
Event: 2,357 Thread 0x00007fd5bc0c4000 nmethod 76 0x00007fd5ad125a10 code [0x00007fd5ad125b60, 0x00007fd5ad125bd8]
Event: 2,387 Thread 0x00007fd5bc0c7800 nmethod 74% 0x00007fd5ad18a890 code [0x00007fd5ad18dc20, 0x00007fd5ad1b1258]
Event: 2,387 Thread 0x00007fd5bc0c7800   75       2       clases.Empleado::<init> (13 bytes)
Event: 2,388 Thread 0x00007fd5bc0c7800 nmethod 75 0x00007fd5ad1220d0 code [0x00007fd5ad122220, 0x00007fd5ad122390]
Event: 2,388 Thread 0x00007fd5bc0c5800   77 %     4       ventanas.Registro::main @ 322 (4422 bytes)
Event: 2,406 Thread 0x00007fd5bc0c5800 nmethod 77% 0x00007fd5ad1e9b10 code [0x00007fd5ad1e9d80, 0x00007fd5ad1eaf30]

GC Heap History (10 events):
Event: 2,544 GC heap after
Heap after GC invocations=12 (full 2):
 PSYoungGen      total 145920K, used 49152K [0x00000000ec180000, 0x00000000fa000000, 0x0000000100000000)
  eden space 96768K, 0% used [0x00000000ec180000,0x00000000ec180000,0x00000000f2000000)
  from space 49152K, 100% used [0x00000000f5980000,0x00000000f8980000,0x00000000f8980000)
  to   space 58880K, 0% used [0x00000000f2000000,0x00000000f2000000,0x00000000f5980000)
 ParOldGen       total 148992K, used 82478K [0x00000000c4400000, 0x00000000cd580000, 0x00000000ec180000)
  object space 148992K, 55% used [0x00000000c4400000,0x00000000c948ba58,0x00000000cd580000)
 Metaspace       used 2695K, capacity 4652K, committed 4864K, reserved 1056768K
  class space    used 279K, capacity 424K, committed 512K, reserved 1048576K
}
Event: 2,762 GC heap before
{Heap before GC invocations=13 (full 2):
 PSYoungGen      total 145920K, used 145920K [0x00000000ec180000, 0x00000000fa000000, 0x0000000100000000)
  eden space 96768K, 100% used [0x00000000ec180000,0x00000000f2000000,0x00000000f2000000)
  from space 49152K, 100% used [0x00000000f5980000,0x00000000f8980000,0x00000000f8980000)
  to   space 58880K, 0% used [0x00000000f2000000,0x00000000f2000000,0x00000000f5980000)
 ParOldGen       total 148992K, used 82478K [0x00000000c4400000, 0x00000000cd580000, 0x00000000ec180000)
  object space 148992K, 55% used [0x00000000c4400000,0x00000000c948ba58,0x00000000cd580000)
 Metaspace       used 2695K, capacity 4652K, committed 4864K, reserved 1056768K
  class space    used 279K, capacity 424K, committed 512K, reserved 1048576K
Event: 2,809 GC heap after
Heap after GC invocations=13 (full 2):
 PSYoungGen      total 155648K, used 58880K [0x00000000ec180000, 0x00000000fc500000, 0x0000000100000000)
  eden space 96768K, 0% used [0x00000000ec180000,0x00000000ec180000,0x00000000f2000000)
  from space 58880K, 100% used [0x00000000f2000000,0x00000000f5980000,0x00000000f5980000)
  to   space 74240K, 0% used [0x00000000f7c80000,0x00000000f7c80000,0x00000000fc500000)
 ParOldGen       total 148992K, used 96574K [0x00000000c4400000, 0x00000000cd580000, 0x00000000ec180000)
  object space 148992K, 64% used [0x00000000c4400000,0x00000000ca24fa58,0x00000000cd580000)
 Metaspace       used 2695K, capacity 4652K, committed 4864K, reserved 1056768K
  class space    used 279K, capacity 424K, committed 512K, reserved 1048576K
}
Event: 3,056 GC heap before
{Heap before GC invocations=14 (full 2):
 PSYoungGen      total 155648K, used 155648K [0x00000000ec180000, 0x00000000fc500000, 0x0000000100000000)
  eden space 96768K, 100% used [0x00000000ec180000,0x00000000f2000000,0x00000000f2000000)
  from space 58880K, 100% used [0x00000000f2000000,0x00000000f5980000,0x00000000f5980000)
  to   space 74240K, 0% used [0x00000000f7c80000,0x00000000f7c80000,0x00000000fc500000)
 ParOldGen       total 148992K, used 96574K [0x00000000c4400000, 0x00000000cd580000, 0x00000000ec180000)
  object space 148992K, 64% used [0x00000000c4400000,0x00000000ca24fa58,0x00000000cd580000)
 Metaspace       used 2695K, capacity 4652K, committed 4864K, reserved 1056768K
  class space    used 279K, capacity 424K, committed 512K, reserved 1048576K
Event: 3,122 GC heap after
Heap after GC invocations=14 (full 2):
 PSYoungGen      total 179712K, used 73152K [0x00000000ec180000, 0x00000000fdd80000, 0x0000000100000000)
  eden space 105472K, 0% used [0x00000000ec180000,0x00000000ec180000,0x00000000f2880000)
  from space 74240K, 98% used [0x00000000f7c80000,0x00000000fc3f0000,0x00000000fc500000)
  to   space 86016K, 0% used [0x00000000f2880000,0x00000000f2880000,0x00000000f7c80000)
 ParOldGen       total 148992K, used 105790K [0x00000000c4400000, 0x00000000cd580000, 0x00000000ec180000)
  object space 148992K, 71% used [0x00000000c4400000,0x00000000cab4fa58,0x00000000cd580000)
 Metaspace       used 2695K, capacity 4652K, committed 4864K, reserved 1056768K
  class space    used 279K, capacity 424K, committed 512K, reserved 1048576K
}
Event: 3,409 GC heap before
{Heap before GC invocations=15 (full 2):
 PSYoungGen      total 179712K, used 178624K [0x00000000ec180000, 0x00000000fdd80000, 0x0000000100000000)
  eden space 105472K, 100% used [0x00000000ec180000,0x00000000f2880000,0x00000000f2880000)
  from space 74240K, 98% used [0x00000000f7c80000,0x00000000fc3f0000,0x00000000fc500000)
  to   space 86016K, 0% used [0x00000000f2880000,0x00000000f2880000,0x00000000f7c80000)
 ParOldGen       total 148992K, used 105790K [0x00000000c4400000, 0x00000000cd580000, 0x00000000ec180000)
  object space 148992K, 71% used [0x00000000c4400000,0x00000000cab4fa58,0x00000000cd580000)
 Metaspace       used 2695K, capacity 4652K, committed 4864K, reserved 1056768K
  class space    used 279K, capacity 424K, committed 512K, reserved 1048576K
Event: 3,471 GC heap after
Heap after GC invocations=15 (full 2):
 PSYoungGen      total 191488K, used 86016K [0x00000000ec180000, 0x0000000100000000, 0x0000000100000000)
  eden space 105472K, 0% used [0x00000000ec180000,0x00000000ec180000,0x00000000f2880000)
  from space 86016K, 100% used [0x00000000f2880000,0x00000000f7c80000,0x00000000f7c80000)
  to   space 104960K, 0% used [0x00000000f9980000,0x00000000f9980000,0x0000000100000000)
 ParOldGen       total 148992K, used 117718K [0x00000000c4400000, 0x00000000cd580000, 0x00000000ec180000)
  object space 148992K, 79% used [0x00000000c4400000,0x00000000cb6f5a58,0x00000000cd580000)
 Metaspace       used 2695K, capacity 4652K, committed 4864K, reserved 1056768K
  class space    used 279K, capacity 424K, committed 512K, reserved 1048576K
}
Event: 3,768 GC heap before
{Heap before GC invocations=16 (full 2):
 PSYoungGen      total 191488K, used 191488K [0x00000000ec180000, 0x0000000100000000, 0x0000000100000000)
  eden space 105472K, 100% used [0x00000000ec180000,0x00000000f2880000,0x00000000f2880000)
  from space 86016K, 100% used [0x00000000f2880000,0x00000000f7c80000,0x00000000f7c80000)
  to   space 104960K, 0% used [0x00000000f9980000,0x00000000f9980000,0x0000000100000000)
 ParOldGen       total 148992K, used 117718K [0x00000000c4400000, 0x00000000cd580000, 0x00000000ec180000)
  object space 148992K, 79% used [0x00000000c4400000,0x00000000cb6f5a58,0x00000000cd580000)
 Metaspace       used 2695K, capacity 4652K, committed 4864K, reserved 1056768K
  class space    used 279K, capacity 424K, committed 512K, reserved 1048576K
Event: 3,853 GC heap after
Heap after GC invocations=16 (full 2):
 PSYoungGen      total 214016K, used 79200K [0x00000000ec180000, 0x0000000100000000, 0x0000000100000000)
  eden space 109056K, 0% used [0x00000000ec180000,0x00000000ec180000,0x00000000f2c00000)
  from space 104960K, 75% used [0x00000000f9980000,0x00000000fe6d8000,0x0000000100000000)
  to   space 108544K, 0% used [0x00000000f2c00000,0x00000000f2c00000,0x00000000f9600000)
 ParOldGen       total 151552K, used 149222K [0x00000000c4400000, 0x00000000cd800000, 0x00000000ec180000)
  object space 151552K, 98% used [0x00000000c4400000,0x00000000cd5b9a58,0x00000000cd800000)
 Metaspace       used 2695K, capacity 4652K, committed 4864K, reserved 1056768K
  class space    used 279K, capacity 424K, committed 512K, reserved 1048576K
}
Event: 3,856 GC heap before
{Heap before GC invocations=17 (full 3):
 PSYoungGen      total 214016K, used 79200K [0x00000000ec180000, 0x0000000100000000, 0x0000000100000000)
  eden space 109056K, 0% used [0x00000000ec180000,0x00000000ec180000,0x00000000f2c00000)
  from space 104960K, 75% used [0x00000000f9980000,0x00000000fe6d8000,0x0000000100000000)
  to   space 108544K, 0% used [0x00000000f2c00000,0x00000000f2c00000,0x00000000f9600000)
 ParOldGen       total 151552K, used 149222K [0x00000000c4400000, 0x00000000cd800000, 0x00000000ec180000)
  object space 151552K, 98% used [0x00000000c4400000,0x00000000cd5b9a58,0x00000000cd800000)
 Metaspace       used 2695K, capacity 4652K, committed 4864K, reserved 1056768K
  class space    used 279K, capacity 424K, committed 512K, reserved 1048576K

Deoptimization events (2 events):
Event: 0,070 Thread 0x00007fd5bc00b000 Uncommon trap: reason=unstable_if action=reinterpret pc=0x00007fd5ad11e250 method=estructuras.ArbolUsuarios.insert(Lclases/Usuario;Lestructuras/NodoArbolUsuario;)Lestructuras/NodoArbolUsuario; @ 47
Event: 2,355 Thread 0x00007fd5bc00b000 Uncommon trap: reason=unstable_if action=reinterpret pc=0x00007fd5ad185f08 method=ventanas.Registro.main([Ljava/lang/String;)V @ 195

Classes redefined (0 events):
No events

Internal exceptions (5 events):
Event: 0,019 Thread 0x00007fd5bc00b000 Exception <a 'java/lang/NoSuchMethodError': Method sun.misc.Unsafe.defineClass(Ljava/lang/String;[BII)Ljava/lang/Class; name or signature does not match> (0x00000000ec187cb8) thrown at [/build/openjdk-8-OqY7zN/openjdk-8-8u222-b10/src/hotspot/src/share/vm/
Event: 0,020 Thread 0x00007fd5bc00b000 Exception <a 'java/lang/NoSuchMethodError': Method sun.misc.Unsafe.prefetchRead(Ljava/lang/Object;J)V name or signature does not match> (0x00000000ec187fa0) thrown at [/build/openjdk-8-OqY7zN/openjdk-8-8u222-b10/src/hotspot/src/share/vm/prims/jni.cpp, lin
Event: 0,051 Thread 0x00007fd5bc00b000 Exception <a 'java/util/zip/ZipException'> (0x00000000ec1d6958) thrown at [/build/openjdk-8-OqY7zN/openjdk-8-8u222-b10/src/hotspot/src/share/vm/prims/jni.cpp, line 710]
Event: 0,051 Thread 0x00007fd5bc00b000 Exception <a 'java/security/PrivilegedActionException'> (0x00000000ec1d6bf8) thrown at [/build/openjdk-8-OqY7zN/openjdk-8-8u222-b10/src/hotspot/src/share/vm/prims/jvm.cpp, line 1502]
Event: 0,051 Thread 0x00007fd5bc00b000 Exception <a 'java/security/PrivilegedActionException'> (0x00000000ec1d6e08) thrown at [/build/openjdk-8-OqY7zN/openjdk-8-8u222-b10/src/hotspot/src/share/vm/prims/jvm.cpp, line 1502]

Events (10 events):
Event: 2,407 Thread 0x00007fd5bc00b000 DEOPT UNPACKING pc=0x00007fd5ad0474c4 sp=0x00007fd5c55aa570 mode 0
Event: 2,487 Executing VM operation: ParallelGCFailedAllocation
Event: 2,544 Executing VM operation: ParallelGCFailedAllocation done
Event: 2,762 Executing VM operation: ParallelGCFailedAllocation
Event: 2,809 Executing VM operation: ParallelGCFailedAllocation done
Event: 3,056 Executing VM operation: ParallelGCFailedAllocation
Event: 3,122 Executing VM operation: ParallelGCFailedAllocation done
Event: 3,409 Executing VM operation: ParallelGCFailedAllocation
Event: 3,471 Executing VM operation: ParallelGCFailedAllocation done
Event: 3,767 Executing VM operation: ParallelGCFailedAllocation


Dynamic libraries:
c4400000-cd800000 rw-p 00000000 00:00 0 
d3380000-ec180000 ---p 00000000 00:00 0 
ec180000-100000000 rw-p 00000000 00:00 0 
100000000-100080000 rw-p 00000000 00:00 0 
100080000-140000000 ---p 00000000 00:00 0 
55f673c83000-55f673c84000 r-xp 00000000 08:06 5246870                    /usr/lib/jvm/java-8-openjdk-amd64/jre/bin/java
55f673e83000-55f673e84000 r--p 00000000 08:06 5246870                    /usr/lib/jvm/java-8-openjdk-amd64/jre/bin/java
55f673e84000-55f673e85000 rw-p 00001000 08:06 5246870                    /usr/lib/jvm/java-8-openjdk-amd64/jre/bin/java
55f6756d5000-55f6756f6000 rw-p 00000000 00:00 0                          [heap]
7fd550000000-7fd550021000 rw-p 00000000 00:00 0 
7fd550021000-7fd554000000 ---p 00000000 00:00 0 
7fd554000000-7fd554021000 rw-p 00000000 00:00 0 
7fd554021000-7fd558000000 ---p 00000000 00:00 0 
7fd558000000-7fd558118000 rw-p 00000000 00:00 0 
7fd558118000-7fd55c000000 ---p 00000000 00:00 0 
7fd55c000000-7fd55cc0f000 rw-p 00000000 00:00 0 
7fd55cc0f000-7fd560000000 ---p 00000000 00:00 0 
7fd560000000-7fd5601bf000 rw-p 00000000 00:00 0 
7fd5601bf000-7fd564000000 ---p 00000000 00:00 0 
7fd564000000-7fd564075000 rw-p 00000000 00:00 0 
7fd564075000-7fd568000000 ---p 00000000 00:00 0 
7fd568000000-7fd568021000 rw-p 00000000 00:00 0 
7fd568021000-7fd56c000000 ---p 00000000 00:00 0 
7fd56c000000-7fd56c021000 rw-p 00000000 00:00 0 
7fd56c021000-7fd570000000 ---p 00000000 00:00 0 
7fd570000000-7fd570021000 rw-p 00000000 00:00 0 
7fd570021000-7fd574000000 ---p 00000000 00:00 0 
7fd574000000-7fd574021000 rw-p 00000000 00:00 0 
7fd574021000-7fd578000000 ---p 00000000 00:00 0 
7fd578000000-7fd578021000 rw-p 00000000 00:00 0 
7fd578021000-7fd57c000000 ---p 00000000 00:00 0 
7fd580000000-7fd580021000 rw-p 00000000 00:00 0 
7fd580021000-7fd584000000 ---p 00000000 00:00 0 
7fd588000000-7fd588021000 rw-p 00000000 00:00 0 
7fd588021000-7fd58c000000 ---p 00000000 00:00 0 
7fd590000000-7fd590021000 rw-p 00000000 00:00 0 
7fd590021000-7fd594000000 ---p 00000000 00:00 0 
7fd598000000-7fd598021000 rw-p 00000000 00:00 0 
7fd598021000-7fd59c000000 ---p 00000000 00:00 0 
7fd59c000000-7fd59c021000 rw-p 00000000 00:00 0 
7fd59c021000-7fd5a0000000 ---p 00000000 00:00 0 
7fd5a0000000-7fd5a0021000 rw-p 00000000 00:00 0 
7fd5a0021000-7fd5a4000000 ---p 00000000 00:00 0 
7fd5a443d000-7fd5a443e000 ---p 00000000 00:00 0 
7fd5a443e000-7fd5a453e000 rw-p 00000000 00:00 0 
7fd5a453e000-7fd5a4541000 ---p 00000000 00:00 0 
7fd5a4541000-7fd5a463f000 rw-p 00000000 00:00 0 
7fd5a463f000-7fd5a4640000 ---p 00000000 00:00 0 
7fd5a4640000-7fd5a4643000 ---p 00000000 00:00 0 
7fd5a4643000-7fd5a4740000 rw-p 00000000 00:00 0 
7fd5a4740000-7fd5a4741000 ---p 00000000 00:00 0 
7fd5a4741000-7fd5a4744000 ---p 00000000 00:00 0 
7fd5a4744000-7fd5a4841000 rw-p 00000000 00:00 0 
7fd5a4841000-7fd5a4842000 ---p 00000000 00:00 0 
7fd5a4842000-7fd5a4845000 ---p 00000000 00:00 0 
7fd5a4845000-7fd5a4942000 rw-p 00000000 00:00 0 
7fd5a4942000-7fd5a4943000 ---p 00000000 00:00 0 
7fd5a4943000-7fd5a4946000 ---p 00000000 00:00 0 
7fd5a4946000-7fd5a4a43000 rw-p 00000000 00:00 0 
7fd5a4a43000-7fd5a4a46000 ---p 00000000 00:00 0 
7fd5a4a46000-7fd5a4b44000 rw-p 00000000 00:00 0 
7fd5a4b44000-7fd5a5513000 r--p 00000000 08:06 5249768                    /usr/lib/locale/locale-archive
7fd5a5513000-7fd5a5516000 ---p 00000000 00:00 0 
7fd5a5516000-7fd5a5614000 rw-p 00000000 00:00 0 
7fd5a5614000-7fd5a5617000 ---p 00000000 00:00 0 
7fd5a5617000-7fd5a5715000 rw-p 00000000 00:00 0 
7fd5a5715000-7fd5a5716000 ---p 00000000 00:00 0 
7fd5a5716000-7fd5a8000000 rw-p 00000000 00:00 0 
7fd5a8000000-7fd5a8021000 rw-p 00000000 00:00 0 
7fd5a8021000-7fd5ac000000 ---p 00000000 00:00 0 
7fd5ac04e000-7fd5ac055000 r--s 00000000 08:06 5507253                    /usr/lib/x86_64-linux-gnu/gconv/gconv-modules.cache
7fd5ac055000-7fd5ac079000 r--p 00000000 08:06 399206                     /usr/share/locale-langpack/es/LC_MESSAGES/libc.mo
7fd5ac079000-7fd5ac094000 r--s 00394000 08:06 5246930                    /usr/lib/jvm/java-8-openjdk-amd64/jre/lib/ext/cldrdata.jar
7fd5ac094000-7fd5ac0af000 r--s 001d6000 08:06 5246935                    /usr/lib/jvm/java-8-openjdk-amd64/jre/lib/ext/nashorn.jar
7fd5ac0af000-7fd5ad000000 rw-p 00000000 00:00 0 
7fd5ad000000-7fd5ad270000 rwxp 00000000 00:00 0 
7fd5ad270000-7fd5bc000000 ---p 00000000 00:00 0 
7fd5bc000000-7fd5bc14d000 rw-p 00000000 00:00 0 
7fd5bc14d000-7fd5c0000000 ---p 00000000 00:00 0 
7fd5c0004000-7fd5c0007000 r--s 00039000 08:06 5246938                    /usr/lib/jvm/java-8-openjdk-amd64/jre/lib/ext/sunpkcs11.jar
7fd5c0007000-7fd5c02fc000 rw-p 00000000 00:00 0 
7fd5c02fc000-7fd5c04cc000 r--s 03c5c000 08:06 5246959                    /usr/lib/jvm/java-8-openjdk-amd64/jre/lib/rt.jar
7fd5c04cc000-7fd5c0982000 rw-p 00000000 00:00 0 
7fd5c0982000-7fd5c0d42000 ---p 00000000 00:00 0 
7fd5c0d42000-7fd5c0f20000 rw-p 00000000 00:00 0 
7fd5c0f20000-7fd5c0f21000 ---p 00000000 00:00 0 
7fd5c0f21000-7fd5c1021000 rw-p 00000000 00:00 0 
7fd5c1021000-7fd5c1022000 ---p 00000000 00:00 0 
7fd5c1022000-7fd5c1122000 rw-p 00000000 00:00 0 
7fd5c1122000-7fd5c1123000 ---p 00000000 00:00 0 
7fd5c1123000-7fd5c1223000 rw-p 00000000 00:00 0 
7fd5c1223000-7fd5c1224000 ---p 00000000 00:00 0 
7fd5c1224000-7fd5c1324000 rw-p 00000000 00:00 0 
7fd5c1324000-7fd5c1325000 ---p 00000000 00:00 0 
7fd5c1325000-7fd5c1425000 rw-p 00000000 00:00 0 
7fd5c1425000-7fd5c1426000 ---p 00000000 00:00 0 
7fd5c1426000-7fd5c1526000 rw-p 00000000 00:00 0 
7fd5c1526000-7fd5c1527000 ---p 00000000 00:00 0 
7fd5c1527000-7fd5c1627000 rw-p 00000000 00:00 0 
7fd5c1627000-7fd5c1628000 ---p 00000000 00:00 0 
7fd5c1628000-7fd5c1772000 rw-p 00000000 00:00 0 
7fd5c1772000-7fd5c1867000 ---p 00000000 00:00 0 
7fd5c1867000-7fd5c18b1000 rw-p 00000000 00:00 0 
7fd5c18b1000-7fd5c19a5000 ---p 00000000 00:00 0 
7fd5c19a5000-7fd5c1a45000 rw-p 00000000 00:00 0 
7fd5c1a45000-7fd5c1a50000 rw-p 00000000 00:00 0 
7fd5c1a50000-7fd5c1e06000 ---p 00000000 00:00 0 
7fd5c1e06000-7fd5c1e0e000 r-xp 00000000 08:06 5246916                    /usr/lib/jvm/java-8-openjdk-amd64/jre/lib/amd64/libzip.so
7fd5c1e0e000-7fd5c200d000 ---p 00008000 08:06 5246916                    /usr/lib/jvm/java-8-openjdk-amd64/jre/lib/amd64/libzip.so
7fd5c200d000-7fd5c200e000 r--p 00007000 08:06 5246916                    /usr/lib/jvm/java-8-openjdk-amd64/jre/lib/amd64/libzip.so
7fd5c200e000-7fd5c200f000 rw-p 00008000 08:06 5246916                    /usr/lib/jvm/java-8-openjdk-amd64/jre/lib/amd64/libzip.so
7fd5c200f000-7fd5c201a000 r-xp 00000000 08:06 136436                     /lib/x86_64-linux-gnu/libnss_files-2.27.so
7fd5c201a000-7fd5c2219000 ---p 0000b000 08:06 136436                     /lib/x86_64-linux-gnu/libnss_files-2.27.so
7fd5c2219000-7fd5c221a000 r--p 0000a000 08:06 136436                     /lib/x86_64-linux-gnu/libnss_files-2.27.so
7fd5c221a000-7fd5c221b000 rw-p 0000b000 08:06 136436                     /lib/x86_64-linux-gnu/libnss_files-2.27.so
7fd5c221b000-7fd5c2221000 rw-p 00000000 00:00 0 
7fd5c2221000-7fd5c2238000 r-xp 00000000 08:06 136430                     /lib/x86_64-linux-gnu/libnsl-2.27.so
7fd5c2238000-7fd5c2437000 ---p 00017000 08:06 136430                     /lib/x86_64-linux-gnu/libnsl-2.27.so
7fd5c2437000-7fd5c2438000 r--p 00016000 08:06 136430                     /lib/x86_64-linux-gnu/libnsl-2.27.so
7fd5c2438000-7fd5c2439000 rw-p 00017000 08:06 136430                     /lib/x86_64-linux-gnu/libnsl-2.27.so
7fd5c2439000-7fd5c243b000 rw-p 00000000 00:00 0 
7fd5c243b000-7fd5c2446000 r-xp 00000000 08:06 136447                     /lib/x86_64-linux-gnu/libnss_nis-2.27.so
7fd5c2446000-7fd5c2645000 ---p 0000b000 08:06 136447                     /lib/x86_64-linux-gnu/libnss_nis-2.27.so
7fd5c2645000-7fd5c2646000 r--p 0000a000 08:06 136447                     /lib/x86_64-linux-gnu/libnss_nis-2.27.so
7fd5c2646000-7fd5c2647000 rw-p 0000b000 08:06 136447                     /lib/x86_64-linux-gnu/libnss_nis-2.27.so
7fd5c2647000-7fd5c264f000 r-xp 00000000 08:06 136432                     /lib/x86_64-linux-gnu/libnss_compat-2.27.so
7fd5c264f000-7fd5c284f000 ---p 00008000 08:06 136432                     /lib/x86_64-linux-gnu/libnss_compat-2.27.so
7fd5c284f000-7fd5c2850000 r--p 00008000 08:06 136432                     /lib/x86_64-linux-gnu/libnss_compat-2.27.so
7fd5c2850000-7fd5c2851000 rw-p 00009000 08:06 136432                     /lib/x86_64-linux-gnu/libnss_compat-2.27.so
7fd5c2851000-7fd5c287b000 r-xp 00000000 08:06 5246897                    /usr/lib/jvm/java-8-openjdk-amd64/jre/lib/amd64/libjava.so
7fd5c287b000-7fd5c2a7a000 ---p 0002a000 08:06 5246897                    /usr/lib/jvm/java-8-openjdk-amd64/jre/lib/amd64/libjava.so
7fd5c2a7a000-7fd5c2a7b000 r--p 00029000 08:06 5246897                    /usr/lib/jvm/java-8-openjdk-amd64/jre/lib/amd64/libjava.so
7fd5c2a7b000-7fd5c2a7d000 rw-p 0002a000 08:06 5246897                    /usr/lib/jvm/java-8-openjdk-amd64/jre/lib/amd64/libjava.so
7fd5c2a7d000-7fd5c2a8d000 r-xp 00000000 08:06 5246915                    /usr/lib/jvm/java-8-openjdk-amd64/jre/lib/amd64/libverify.so
7fd5c2a8d000-7fd5c2c8c000 ---p 00010000 08:06 5246915                    /usr/lib/jvm/java-8-openjdk-amd64/jre/lib/amd64/libverify.so
7fd5c2c8c000-7fd5c2c8e000 r--p 0000f000 08:06 5246915                    /usr/lib/jvm/java-8-openjdk-amd64/jre/lib/amd64/libverify.so
7fd5c2c8e000-7fd5c2c8f000 rw-p 00011000 08:06 5246915                    /usr/lib/jvm/java-8-openjdk-amd64/jre/lib/amd64/libverify.so
7fd5c2c8f000-7fd5c2c96000 r-xp 00000000 08:06 136487                     /lib/x86_64-linux-gnu/librt-2.27.so
7fd5c2c96000-7fd5c2e95000 ---p 00007000 08:06 136487                     /lib/x86_64-linux-gnu/librt-2.27.so
7fd5c2e95000-7fd5c2e96000 r--p 00006000 08:06 136487                     /lib/x86_64-linux-gnu/librt-2.27.so
7fd5c2e96000-7fd5c2e97000 rw-p 00007000 08:06 136487                     /lib/x86_64-linux-gnu/librt-2.27.so
7fd5c2e97000-7fd5c2eae000 r-xp 00000000 08:06 136383                     /lib/x86_64-linux-gnu/libgcc_s.so.1
7fd5c2eae000-7fd5c30ad000 ---p 00017000 08:06 136383                     /lib/x86_64-linux-gnu/libgcc_s.so.1
7fd5c30ad000-7fd5c30ae000 r--p 00016000 08:06 136383                     /lib/x86_64-linux-gnu/libgcc_s.so.1
7fd5c30ae000-7fd5c30af000 rw-p 00017000 08:06 136383                     /lib/x86_64-linux-gnu/libgcc_s.so.1
7fd5c30af000-7fd5c324c000 r-xp 00000000 08:06 136409                     /lib/x86_64-linux-gnu/libm-2.27.so
7fd5c324c000-7fd5c344b000 ---p 0019d000 08:06 136409                     /lib/x86_64-linux-gnu/libm-2.27.so
7fd5c344b000-7fd5c344c000 r--p 0019c000 08:06 136409                     /lib/x86_64-linux-gnu/libm-2.27.so
7fd5c344c000-7fd5c344d000 rw-p 0019d000 08:06 136409                     /lib/x86_64-linux-gnu/libm-2.27.so
7fd5c344d000-7fd5c35c6000 r-xp 00000000 08:06 5252140                    /usr/lib/x86_64-linux-gnu/libstdc++.so.6.0.25
7fd5c35c6000-7fd5c37c6000 ---p 00179000 08:06 5252140                    /usr/lib/x86_64-linux-gnu/libstdc++.so.6.0.25
7fd5c37c6000-7fd5c37d0000 r--p 00179000 08:06 5252140                    /usr/lib/x86_64-linux-gnu/libstdc++.so.6.0.25
7fd5c37d0000-7fd5c37d2000 rw-p 00183000 08:06 5252140                    /usr/lib/x86_64-linux-gnu/libstdc++.so.6.0.25
7fd5c37d2000-7fd5c37d6000 rw-p 00000000 00:00 0 
7fd5c37d6000-7fd5c4475000 r-xp 00000000 08:06 5246919                    /usr/lib/jvm/java-8-openjdk-amd64/jre/lib/amd64/server/libjvm.so
7fd5c4475000-7fd5c4675000 ---p 00c9f000 08:06 5246919                    /usr/lib/jvm/java-8-openjdk-amd64/jre/lib/amd64/server/libjvm.so
7fd5c4675000-7fd5c4709000 r--p 00c9f000 08:06 5246919                    /usr/lib/jvm/java-8-openjdk-amd64/jre/lib/amd64/server/libjvm.so
7fd5c4709000-7fd5c4732000 rw-p 00d33000 08:06 5246919                    /usr/lib/jvm/java-8-openjdk-amd64/jre/lib/amd64/server/libjvm.so
7fd5c4732000-7fd5c4762000 rw-p 00000000 00:00 0 
7fd5c4762000-7fd5c477c000 r-xp 00000000 08:06 136479                     /lib/x86_64-linux-gnu/libpthread-2.27.so
7fd5c477c000-7fd5c497b000 ---p 0001a000 08:06 136479                     /lib/x86_64-linux-gnu/libpthread-2.27.so
7fd5c497b000-7fd5c497c000 r--p 00019000 08:06 136479                     /lib/x86_64-linux-gnu/libpthread-2.27.so
7fd5c497c000-7fd5c497d000 rw-p 0001a000 08:06 136479                     /lib/x86_64-linux-gnu/libpthread-2.27.so
7fd5c497d000-7fd5c4981000 rw-p 00000000 00:00 0 
7fd5c4981000-7fd5c4984000 r-xp 00000000 08:06 136369                     /lib/x86_64-linux-gnu/libdl-2.27.so
7fd5c4984000-7fd5c4b83000 ---p 00003000 08:06 136369                     /lib/x86_64-linux-gnu/libdl-2.27.so
7fd5c4b83000-7fd5c4b84000 r--p 00002000 08:06 136369                     /lib/x86_64-linux-gnu/libdl-2.27.so
7fd5c4b84000-7fd5c4b85000 rw-p 00003000 08:06 136369                     /lib/x86_64-linux-gnu/libdl-2.27.so
7fd5c4b85000-7fd5c4ba1000 r-xp 00000000 08:06 136518                     /lib/x86_64-linux-gnu/libz.so.1.2.11
7fd5c4ba1000-7fd5c4da0000 ---p 0001c000 08:06 136518                     /lib/x86_64-linux-gnu/libz.so.1.2.11
7fd5c4da0000-7fd5c4da1000 r--p 0001b000 08:06 136518                     /lib/x86_64-linux-gnu/libz.so.1.2.11
7fd5c4da1000-7fd5c4da2000 rw-p 0001c000 08:06 136518                     /lib/x86_64-linux-gnu/libz.so.1.2.11
7fd5c4da2000-7fd5c4f89000 r-xp 00000000 08:06 136346                     /lib/x86_64-linux-gnu/libc-2.27.so
7fd5c4f89000-7fd5c5189000 ---p 001e7000 08:06 136346                     /lib/x86_64-linux-gnu/libc-2.27.so
7fd5c5189000-7fd5c518d000 r--p 001e7000 08:06 136346                     /lib/x86_64-linux-gnu/libc-2.27.so
7fd5c518d000-7fd5c518f000 rw-p 001eb000 08:06 136346                     /lib/x86_64-linux-gnu/libc-2.27.so
7fd5c518f000-7fd5c5193000 rw-p 00000000 00:00 0 
7fd5c5193000-7fd5c51a1000 r-xp 00000000 08:06 5246883                    /usr/lib/jvm/java-8-openjdk-amd64/jre/lib/amd64/jli/libjli.so
7fd5c51a1000-7fd5c53a0000 ---p 0000e000 08:06 5246883                    /usr/lib/jvm/java-8-openjdk-amd64/jre/lib/amd64/jli/libjli.so
7fd5c53a0000-7fd5c53a1000 r--p 0000d000 08:06 5246883                    /usr/lib/jvm/java-8-openjdk-amd64/jre/lib/amd64/jli/libjli.so
7fd5c53a1000-7fd5c53a2000 rw-p 0000e000 08:06 5246883                    /usr/lib/jvm/java-8-openjdk-amd64/jre/lib/amd64/jli/libjli.so
7fd5c53a2000-7fd5c53c9000 r-xp 00000000 08:06 136318                     /lib/x86_64-linux-gnu/ld-2.27.so
7fd5c53c9000-7fd5c53ca000 r--s 0000a000 08:06 5246933                    /usr/lib/jvm/java-8-openjdk-amd64/jre/lib/ext/jaccess.jar
7fd5c53ca000-7fd5c53cc000 r--s 00007000 08:06 5636248                    /usr/share/java/java-atk-wrapper.jar
7fd5c53cc000-7fd5c53ce000 r--s 00001000 08:06 5246931                    /usr/lib/jvm/java-8-openjdk-amd64/jre/lib/ext/dnsns.jar
7fd5c53ce000-7fd5c53d3000 r--s 0003c000 08:06 5246937                    /usr/lib/jvm/java-8-openjdk-amd64/jre/lib/ext/sunjce_provider.jar
7fd5c53d3000-7fd5c54ab000 rw-p 00000000 00:00 0 
7fd5c54ab000-7fd5c54ac000 ---p 00000000 00:00 0 
7fd5c54ac000-7fd5c54af000 ---p 00000000 00:00 0 
7fd5c54af000-7fd5c55ae000 rw-p 00000000 00:00 0 
7fd5c55ae000-7fd5c55af000 r--s 00010000 08:06 5246939                    /usr/lib/jvm/java-8-openjdk-amd64/jre/lib/ext/zipfs.jar
7fd5c55af000-7fd5c55b0000 r--s 0000d000 08:06 5246936                    /usr/lib/jvm/java-8-openjdk-amd64/jre/lib/ext/sunec.jar
7fd5c55b0000-7fd5c55ba000 r--s 00116000 08:06 5246934                    /usr/lib/jvm/java-8-openjdk-amd64/jre/lib/ext/localedata.jar
7fd5c55ba000-7fd5c55bd000 r--s 0000f000 08:06 5246932                    /usr/lib/jvm/java-8-openjdk-amd64/jre/lib/ext/icedtea-sound.jar
7fd5c55bd000-7fd5c55c5000 rw-s 00000000 08:06 4981070                    /tmp/hsperfdata_manuel/28989
7fd5c55c5000-7fd5c55c6000 rw-p 00000000 00:00 0 
7fd5c55c6000-7fd5c55c7000 ---p 00000000 00:00 0 
7fd5c55c7000-7fd5c55c9000 rw-p 00000000 00:00 0 
7fd5c55c9000-7fd5c55ca000 r--p 00027000 08:06 136318                     /lib/x86_64-linux-gnu/ld-2.27.so
7fd5c55ca000-7fd5c55cb000 rw-p 00028000 08:06 136318                     /lib/x86_64-linux-gnu/ld-2.27.so
7fd5c55cb000-7fd5c55cc000 rw-p 00000000 00:00 0 
7ffd12eaa000-7ffd12ecb000 rw-p 00000000 00:00 0                          [stack]
7ffd12feb000-7ffd12fee000 r--p 00000000 00:00 0                          [vvar]
7ffd12fee000-7ffd12fef000 r-xp 00000000 00:00 0                          [vdso]
ffffffffff600000-ffffffffff601000 r-xp 00000000 00:00 0                  [vsyscall]

VM Arguments:
java_command: ventanas.Registro
java_class_path (initial): /home/manuel/NetBeansProjects/DataStructuresProject/target/classes
Launcher Type: SUN_STANDARD

Environment Variables:
JAVA_HOME=/usr/lib/jvm/java-8-openjdk-amd64
PATH=/usr/local/sbin:/usr/local/bin:/usr/sbin:/usr/bin:/sbin:/bin:/usr/games:/usr/local/games:/snap/bin
USERNAME=manuel
SHELL=/bin/bash
DISPLAY=:0

Signal Handlers:
SIGSEGV: [libjvm.so+0xab92f0], sa_mask[0]=11111111011111111101111111111110, sa_flags=SA_RESTART|SA_SIGINFO
SIGBUS: [libjvm.so+0xab92f0], sa_mask[0]=11111111011111111101111111111110, sa_flags=SA_RESTART|SA_SIGINFO
SIGFPE: [libjvm.so+0x8ee560], sa_mask[0]=11111111011111111101111111111110, sa_flags=SA_RESTART|SA_SIGINFO
SIGPIPE: [libjvm.so+0x8ee560], sa_mask[0]=11111111011111111101111111111110, sa_flags=SA_RESTART|SA_SIGINFO
SIGXFSZ: [libjvm.so+0x8ee560], sa_mask[0]=11111111011111111101111111111110, sa_flags=SA_RESTART|SA_SIGINFO
SIGILL: [libjvm.so+0x8ee560], sa_mask[0]=11111111011111111101111111111110, sa_flags=SA_RESTART|SA_SIGINFO
SIGUSR1: SIG_DFL, sa_mask[0]=00000000000000000000000000000000, sa_flags=none
SIGUSR2: [libjvm.so+0x8ee410], sa_mask[0]=00100000000000000000000000000000, sa_flags=SA_RESTART|SA_SIGINFO
SIGHUP: [libjvm.so+0x8eea80], sa_mask[0]=11111111011111111101111111111110, sa_flags=SA_RESTART|SA_SIGINFO
SIGINT: SIG_IGN, sa_mask[0]=00000000000000000000000000000000, sa_flags=none
SIGTERM: [libjvm.so+0x8eea80], sa_mask[0]=11111111011111111101111111111110, sa_flags=SA_RESTART|SA_SIGINFO
SIGQUIT: [libjvm.so+0x8eea80], sa_mask[0]=11111111011111111101111111111110, sa_flags=SA_RESTART|SA_SIGINFO


---------------  S Y S T E M  ---------------

OS:DISTRIB_ID=Ubuntu
DISTRIB_RELEASE=18.04
DISTRIB_CODENAME=bionic
DISTRIB_DESCRIPTION="Ubuntu 18.04.3 LTS"

uname:Linux 5.0.0-36-generic #39~18.04.1-Ubuntu SMP Tue Nov 12 11:09:50 UTC 2019 x86_64
libc:glibc 2.27 NPTL 2.27 
rlimit: STACK 8192k, CORE 0k, NPROC 15087, NOFILE 1048576, AS infinity
load average:1,11 0,54 0,41

/proc/meminfo:
MemTotal:        3910592 kB
MemFree:          101212 kB
MemAvailable:      18968 kB
Buffers:            1060 kB
Cached:           335132 kB
SwapCached:        16148 kB
Active:          2916084 kB
Inactive:         604168 kB
Active(anon):    2906028 kB
Inactive(anon):   581148 kB
Active(file):      10056 kB
Inactive(file):    23020 kB
Unevictable:       17688 kB
Mlocked:              32 kB
SwapTotal:        488444 kB
SwapFree:              0 kB
Dirty:               204 kB
Writeback:             0 kB
AnonPages:       3186196 kB
Mapped:           235916 kB
Shmem:            302856 kB
KReclaimable:      48852 kB
Slab:             118368 kB
SReclaimable:      48852 kB
SUnreclaim:        69516 kB
KernelStack:       17056 kB
PageTables:        61896 kB
NFS_Unstable:          0 kB
Bounce:                0 kB
WritebackTmp:          0 kB
CommitLimit:     2443740 kB
Committed_AS:    8924456 kB
VmallocTotal:   34359738367 kB
VmallocUsed:           0 kB
VmallocChunk:          0 kB
Percpu:             2912 kB
HardwareCorrupted:     0 kB
AnonHugePages:         0 kB
ShmemHugePages:        0 kB
ShmemPmdMapped:        0 kB
CmaTotal:              0 kB
CmaFree:               0 kB
HugePages_Total:       0
HugePages_Free:        0
HugePages_Rsvd:        0
HugePages_Surp:        0
Hugepagesize:       2048 kB
Hugetlb:               0 kB
DirectMap4k:      247800 kB
DirectMap2M:     3821568 kB
DirectMap1G:           0 kB

container (cgroup) information:
container_type: cgroupv1
cpu_cpuset_cpus: 0-7
cpu_memory_nodes: 0
active_processor_count: 8
cpu_quota: -1
cpu_period: 100000
cpu_shares: -1
memory_limit_in_bytes: -1
memory_and_swap_limit_in_bytes: -2
memory_soft_limit_in_bytes: -1
memory_usage_in_bytes: 3622666240
memory_max_usage_in_bytes: 61472768


CPU:total 8 (initial active 8) (4 cores per cpu, 2 threads per core) family 6 model 142 stepping 10, cmov, cx8, fxsr, mmx, sse, sse2, sse3, ssse3, sse4.1, sse4.2, popcnt, avx, avx2, aes, clmul, erms, 3dnowpref, lzcnt, ht, tsc, tscinvbit, bmi1, bmi2, adx

/proc/cpuinfo:
processor	: 0
vendor_id	: GenuineIntel
cpu family	: 6
model		: 142
model name	: Intel(R) Core(TM) i5-8250U CPU @ 1.60GHz
stepping	: 10
microcode	: 0xca
cpu MHz		: 2800.013
cache size	: 6144 KB
physical id	: 0
siblings	: 8
core id		: 0
cpu cores	: 4
apicid		: 0
initial apicid	: 0
fpu		: yes
fpu_exception	: yes
cpuid level	: 22
wp		: yes
flags		: fpu vme de pse tsc msr pae mce cx8 apic sep mtrr pge mca cmov pat pse36 clflush dts acpi mmx fxsr sse sse2 ss ht tm pbe syscall nx pdpe1gb rdtscp lm constant_tsc art arch_perfmon pebs bts rep_good nopl xtopology nonstop_tsc cpuid aperfmperf tsc_known_freq pni pclmulqdq dtes64 monitor ds_cpl vmx est tm2 ssse3 sdbg fma cx16 xtpr pdcm pcid sse4_1 sse4_2 x2apic movbe popcnt tsc_deadline_timer aes xsave avx f16c rdrand lahf_lm abm 3dnowprefetch cpuid_fault epb invpcid_single pti ssbd ibrs ibpb stibp tpr_shadow vnmi flexpriority ept vpid ept_ad fsgsbase tsc_adjust bmi1 avx2 smep bmi2 erms invpcid mpx rdseed adx smap clflushopt intel_pt xsaveopt xsavec xgetbv1 xsaves dtherm ida arat pln pts hwp hwp_notify hwp_act_window hwp_epp md_clear flush_l1d
bugs		: cpu_meltdown spectre_v1 spectre_v2 spec_store_bypass l1tf mds swapgs itlb_multihit
bogomips	: 3600.00
clflush size	: 64
cache_alignment	: 64
address sizes	: 39 bits physical, 48 bits virtual
power management:

processor	: 1
vendor_id	: GenuineIntel
cpu family	: 6
model		: 142
model name	: Intel(R) Core(TM) i5-8250U CPU @ 1.60GHz
stepping	: 10
microcode	: 0xca
cpu MHz		: 2800.062
cache size	: 6144 KB
physical id	: 0
siblings	: 8
core id		: 1
cpu cores	: 4
apicid		: 2
initial apicid	: 2
fpu		: yes
fpu_exception	: yes
cpuid level	: 22
wp		: yes
flags		: fpu vme de pse tsc msr pae mce cx8 apic sep mtrr pge mca cmov pat pse36 clflush dts acpi mmx fxsr sse sse2 ss ht tm pbe syscall nx pdpe1gb rdtscp lm constant_tsc art arch_perfmon pebs bts rep_good nopl xtopology nonstop_tsc cpuid aperfmperf tsc_known_freq pni pclmulqdq dtes64 monitor ds_cpl vmx est tm2 ssse3 sdbg fma cx16 xtpr pdcm pcid sse4_1 sse4_2 x2apic movbe popcnt tsc_deadline_timer aes xsave avx f16c rdrand lahf_lm abm 3dnowprefetch cpuid_fault epb invpcid_single pti ssbd ibrs ibpb stibp tpr_shadow vnmi flexpriority ept vpid ept_ad fsgsbase tsc_adjust bmi1 avx2 smep bmi2 erms invpcid mpx rdseed adx smap clflushopt intel_pt xsaveopt xsavec xgetbv1 xsaves dtherm ida arat pln pts hwp hwp_notify hwp_act_window hwp_epp md_clear flush_l1d
bugs		: cpu_meltdown spectre_v1 spectre_v2 spec_store_bypass l1tf mds swapgs itlb_multihit
bogomips	: 3600.00
clflush size	: 64
cache_alignment	: 64
address sizes	: 39 bits physical, 48 bits virtual
power management:

processor	: 2
vendor_id	: GenuineIntel
cpu family	: 6
model		: 142
model name	: Intel(R) Core(TM) i5-8250U CPU @ 1.60GHz
stepping	: 10
microcode	: 0xca
cpu MHz		: 2800.003
cache size	: 6144 KB
physical id	: 0
siblings	: 8
core id		: 2
cpu cores	: 4
apicid		: 4
initial apicid	: 4
fpu		: yes
fpu_exception	: yes
cpuid level	: 22
wp		: yes
flags		: fpu vme de pse tsc msr pae mce cx8 apic sep mtrr pge mca cmov pat pse36 clflush dts acpi mmx fxsr sse sse2 ss ht tm pbe syscall nx pdpe1gb rdtscp lm constant_tsc art arch_perfmon pebs bts rep_good nopl xtopology nonstop_tsc cpuid aperfmperf tsc_known_freq pni pclmulqdq dtes64 monitor ds_cpl vmx est tm2 ssse3 sdbg fma cx16 xtpr pdcm pcid sse4_1 sse4_2 x2apic movbe popcnt tsc_deadline_timer aes xsave avx f16c rdrand lahf_lm abm 3dnowprefetch cpuid_fault epb invpcid_single pti ssbd ibrs ibpb stibp tpr_shadow vnmi flexpriority ept vpid ept_ad fsgsbase tsc_adjust bmi1 avx2 smep bmi2 erms invpcid mpx rdseed adx smap clflushopt intel_pt xsaveopt xsavec xgetbv1 xsaves dtherm ida arat pln pts hwp hwp_notify hwp_act_window hwp_epp md_clear flush_l1d
bugs		: cpu_meltdown spectre_v1 spectre_v2 spec_store_bypass l1tf mds swapgs itlb_multihit
bogomips	: 3600.00
clflush size	: 64
cache_alignment	: 64
address sizes	: 39 bits physical, 48 bits virtual
power management:

processor	: 3
vendor_id	: GenuineIntel
cpu family	: 6
model		: 142
model name	: Intel(R) Core(TM) i5-8250U CPU @ 1.60GHz
stepping	: 10
microcode	: 0xca
cpu MHz		: 2800.157
cache size	: 6144 KB
physical id	: 0
siblings	: 8
core id		: 3
cpu cores	: 4
apicid		: 6
initial apicid	: 6
fpu		: yes
fpu_exception	: yes
cpuid level	: 22
wp		: yes
flags		: fpu vme de pse tsc msr pae mce cx8 apic sep mtrr pge mca cmov pat pse36 clflush dts acpi mmx fxsr sse sse2 ss ht tm pbe syscall nx pdpe1gb rdtscp lm constant_tsc art arch_perfmon pebs bts rep_good nopl xtopology nonstop_tsc cpuid aperfmperf tsc_known_freq pni pclmulqdq dtes64 monitor ds_cpl vmx est tm2 ssse3 sdbg fma cx16 xtpr pdcm pcid sse4_1 sse4_2 x2apic movbe popcnt tsc_deadline_timer aes xsave avx f16c rdrand lahf_lm abm 3dnowprefetch cpuid_fault epb invpcid_single pti ssbd ibrs ibpb stibp tpr_shadow vnmi flexpriority ept vpid ept_ad fsgsbase tsc_adjust bmi1 avx2 smep bmi2 erms invpcid mpx rdseed adx smap clflushopt intel_pt xsaveopt xsavec xgetbv1 xsaves dtherm ida arat pln pts hwp hwp_notify hwp_act_window hwp_epp md_clear flush_l1d
bugs		: cpu_meltdown spectre_v1 spectre_v2 spec_store_bypass l1tf mds swapgs itlb_multihit
bogomips	: 3600.00
clflush size	: 64
cache_alignment	: 64
address sizes	: 39 bits physical, 48 bits virtual
power management:

processor	: 4
vendor_id	: GenuineIntel
cpu family	: 6
model		: 142
model name	: Intel(R) Core(TM) i5-8250U CPU @ 1.60GHz
stepping	: 10
microcode	: 0xca
cpu MHz		: 2800.023
cache size	: 6144 KB
physical id	: 0
siblings	: 8
core id		: 0
cpu cores	: 4
apicid		: 1
initial apicid	: 1
fpu		: yes
fpu_exception	: yes
cpuid level	: 22
wp		: yes
flags		: fpu vme de pse tsc msr pae mce cx8 apic sep mtrr pge mca cmov pat pse36 clflush dts acpi mmx fxsr sse sse2 ss ht tm pbe syscall nx pdpe1gb rdtscp lm constant_tsc art arch_perfmon pebs bts rep_good nopl xtopology nonstop_tsc cpuid aperfmperf tsc_known_freq pni pclmulqdq dtes64 monitor ds_cpl vmx est tm2 ssse3 sdbg fma cx16 xtpr pdcm pcid sse4_1 sse4_2 x2apic movbe popcnt tsc_deadline_timer aes xsave avx f16c rdrand lahf_lm abm 3dnowprefetch cpuid_fault epb invpcid_single pti ssbd ibrs ibpb stibp tpr_shadow vnmi flexpriority ept vpid ept_ad fsgsbase tsc_adjust bmi1 avx2 smep bmi2 erms invpcid mpx rdseed adx smap clflushopt intel_pt xsaveopt xsavec xgetbv1 xsaves dtherm ida arat pln pts hwp hwp_notify hwp_act_window hwp_epp md_clear flush_l1d
bugs		: cpu_meltdown spectre_v1 spectre_v2 spec_store_bypass l1tf mds swapgs itlb_multihit
bogomips	: 3600.00
clflush size	: 64
cache_alignment	: 64
address sizes	: 39 bits physical, 48 bits virtual
power management:

processor	: 5
vendor_id	: GenuineIntel
cpu family	: 6
model		: 142
model name	: Intel(R) Core(TM) i5-8250U CPU @ 1.60GHz
stepping	: 10
microcode	: 0xca
cpu MHz		: 2799.995
cache size	: 6144 KB
physical id	: 0
siblings	: 8
core id		: 1
cpu cores	: 4
apicid		: 3
initial apicid	: 3
fpu		: yes
fpu_exception	: yes
cpuid level	: 22
wp		: yes
flags		: fpu vme de pse tsc msr pae mce cx8 apic sep mtrr pge mca cmov pat pse36 clflush dts acpi mmx fxsr sse sse2 ss ht tm pbe syscall nx pdpe1gb rdtscp lm constant_tsc art arch_perfmon pebs bts rep_good nopl xtopology nonstop_tsc cpuid aperfmperf tsc_known_freq pni pclmulqdq dtes64 monitor ds_cpl vmx est tm2 ssse3 sdbg fma cx16 xtpr pdcm pcid sse4_1 sse4_2 x2apic movbe popcnt tsc_deadline_timer aes xsave avx f16c rdrand lahf_lm abm 3dnowprefetch cpuid_fault epb invpcid_single pti ssbd ibrs ibpb stibp tpr_shadow vnmi flexpriority ept vpid ept_ad fsgsbase tsc_adjust bmi1 avx2 smep bmi2 erms invpcid mpx rdseed adx smap clflushopt intel_pt xsaveopt xsavec xgetbv1 xsaves dtherm ida arat pln pts hwp hwp_notify hwp_act_window hwp_epp md_clear flush_l1d
bugs		: cpu_meltdown spectre_v1 spectre_v2 spec_store_bypass l1tf mds swapgs itlb_multihit
bogomips	: 3600.00
clflush size	: 64
cache_alignment	: 64
address sizes	: 39 bits physical, 48 bits virtual
power management:

processor	: 6
vendor_id	: GenuineIntel
cpu family	: 6
model		: 142
model name	: Intel(R) Core(TM) i5-8250U CPU @ 1.60GHz
stepping	: 10
microcode	: 0xca
cpu MHz		: 2799.888
cache size	: 6144 KB
physical id	: 0
siblings	: 8
core id		: 2
cpu cores	: 4
apicid		: 5
initial apicid	: 5
fpu		: yes
fpu_exception	: yes
cpuid level	: 22
wp		: yes
flags		: fpu vme de pse tsc msr pae mce cx8 apic sep mtrr pge mca cmov pat pse36 clflush dts acpi mmx fxsr sse sse2 ss ht tm pbe syscall nx pdpe1gb rdtscp lm constant_tsc art arch_perfmon pebs bts rep_good nopl xtopology nonstop_tsc cpuid aperfmperf tsc_known_freq pni pclmulqdq dtes64 monitor ds_cpl vmx est tm2 ssse3 sdbg fma cx16 xtpr pdcm pcid sse4_1 sse4_2 x2apic movbe popcnt tsc_deadline_timer aes xsave avx f16c rdrand lahf_lm abm 3dnowprefetch cpuid_fault epb invpcid_single pti ssbd ibrs ibpb stibp tpr_shadow vnmi flexpriority ept vpid ept_ad fsgsbase tsc_adjust bmi1 avx2 smep bmi2 erms invpcid mpx rdseed adx smap clflushopt intel_pt xsaveopt xsavec xgetbv1 xsaves dtherm ida arat pln pts hwp hwp_notify hwp_act_window hwp_epp md_clear flush_l1d
bugs		: cpu_meltdown spectre_v1 spectre_v2 spec_store_bypass l1tf mds swapgs itlb_multihit
bogomips	: 3600.00
clflush size	: 64
cache_alignment	: 64
address sizes	: 39 bits physical, 48 bits virtual
power management:

processor	: 7
vendor_id	: GenuineIntel
cpu family	: 6
model		: 142
model name	: Intel(R) Core(TM) i5-8250U CPU @ 1.60GHz
stepping	: 10
microcode	: 0xca
cpu MHz		: 2800.010
cache size	: 6144 KB
physical id	: 0
siblings	: 8
core id		: 3
cpu cores	: 4
apicid		: 7
initial apicid	: 7
fpu		: yes
fpu_exception	: yes
cpuid level	: 22
wp		: yes
flags		: fpu vme de pse tsc msr pae mce cx8 apic sep mtrr pge mca cmov pat pse36 clflush dts acpi mmx fxsr sse sse2 ss ht tm pbe syscall nx pdpe1gb rdtscp lm constant_tsc art arch_perfmon pebs bts rep_good nopl xtopology nonstop_tsc cpuid aperfmperf tsc_known_freq pni pclmulqdq dtes64 monitor ds_cpl vmx est tm2 ssse3 sdbg fma cx16 xtpr pdcm pcid sse4_1 sse4_2 x2apic movbe popcnt tsc_deadline_timer aes xsave avx f16c rdrand lahf_lm abm 3dnowprefetch cpuid_fault epb invpcid_single pti ssbd ibrs ibpb stibp tpr_shadow vnmi flexpriority ept vpid ept_ad fsgsbase tsc_adjust bmi1 avx2 smep bmi2 erms invpcid mpx rdseed adx smap clflushopt intel_pt xsaveopt xsavec xgetbv1 xsaves dtherm ida arat pln pts hwp hwp_notify hwp_act_window hwp_epp md_clear flush_l1d
bugs		: cpu_meltdown spectre_v1 spectre_v2 spec_store_bypass l1tf mds swapgs itlb_multihit
bogomips	: 3600.00
clflush size	: 64
cache_alignment	: 64
address sizes	: 39 bits physical, 48 bits virtual
power management:



Memory: 4k page, physical 3910592k(107512k free), swap 488444k(0k free)

vm_info: OpenJDK 64-Bit Server VM (25.222-b10) for linux-amd64 JRE (1.8.0_222-8u222-b10-1ubuntu1~18.04.1-b10), built on Jul 18 2019 18:52:48 by "buildd" with gcc 7.4.0

time: Sun Dec 15 13:57:45 2019
timezone: -05
elapsed time: 4 seconds (0d 0h 0m 4s)

